* installing *source* package 'nestedKriging' ...
** libs

*** arch - i386
c:/Rtools/mingw_32/bin/g++  -std=gnu++11 -I"C:/PROGRA~1/R/R-34~1.3/include" -DNDEBUG  -I"C:/Users/User1/Documents/R/win-library/3.4/Rcpp/include" -I"C:/Users/User1/Documents/R/win-library/3.4/RcppArmadillo/include"     -fopenmp    -O2 -Wall  -mtune=generic -c RcppExports.cpp -o RcppExports.o
c:/Rtools/mingw_32/bin/g++  -std=gnu++11 -I"C:/PROGRA~1/R/R-34~1.3/include" -DNDEBUG  -I"C:/Users/User1/Documents/R/win-library/3.4/Rcpp/include" -I"C:/Users/User1/Documents/R/win-library/3.4/RcppArmadillo/include"     -fopenmp    -O2 -Wall  -mtune=generic -c nestedKriging.cpp -o nestedKriging.o
c:/Rtools/mingw_32/bin/gcc  -I"C:/PROGRA~1/R/R-34~1.3/include" -DNDEBUG  -I"C:/Users/User1/Documents/R/win-library/3.4/Rcpp/include" -I"C:/Users/User1/Documents/R/win-library/3.4/RcppArmadillo/include"     -fopenmp   -O3 -Wall  -std=gnu99 -mtune=generic -c nestedKriging_init.c -o nestedKriging_init.o
c:/Rtools/mingw_32/bin/g++ -shared -s -static-libgcc -o nestedKriging.dll nestedKriging-win.def RcppExports.o nestedKriging.o nestedKriging_init.o -fopenmp -fopenmp -LC:/PROGRA~1/R/R-34~1.3/bin/i386 -lRlapack -LC:/PROGRA~1/R/R-34~1.3/bin/i386 -lRblas -lgfortran -lm -lquadmath -LC:/PROGRA~1/R/R-34~1.3/bin/i386 -lR
installing to C:/Users/User1/Desktop/nestedKriging/nestedKriging/nestedKriging.Rcheck/nestedKriging/libs/i386

*** arch - x64
c:/Rtools/mingw_64/bin/g++  -std=gnu++11 -I"C:/PROGRA~1/R/R-34~1.3/include" -DNDEBUG  -I"C:/Users/User1/Documents/R/win-library/3.4/Rcpp/include" -I"C:/Users/User1/Documents/R/win-library/3.4/RcppArmadillo/include"     -fopenmp    -O2 -Wall  -mtune=generic -c RcppExports.cpp -o RcppExports.o
c:/Rtools/mingw_64/bin/g++  -std=gnu++11 -I"C:/PROGRA~1/R/R-34~1.3/include" -DNDEBUG  -I"C:/Users/User1/Documents/R/win-library/3.4/Rcpp/include" -I"C:/Users/User1/Documents/R/win-library/3.4/RcppArmadillo/include"     -fopenmp    -O2 -Wall  -mtune=generic -c nestedKriging.cpp -o nestedKriging.o
c:/Rtools/mingw_64/bin/gcc  -I"C:/PROGRA~1/R/R-34~1.3/include" -DNDEBUG  -I"C:/Users/User1/Documents/R/win-library/3.4/Rcpp/include" -I"C:/Users/User1/Documents/R/win-library/3.4/RcppArmadillo/include"     -fopenmp   -O2 -Wall  -std=gnu99 -mtune=generic -c nestedKriging_init.c -o nestedKriging_init.o
c:/Rtools/mingw_64/bin/g++ -shared -s -static-libgcc -o nestedKriging.dll nestedKriging-win.def RcppExports.o nestedKriging.o nestedKriging_init.o -fopenmp -fopenmp -LC:/PROGRA~1/R/R-34~1.3/bin/x64 -lRlapack -LC:/PROGRA~1/R/R-34~1.3/bin/x64 -lRblas -lgfortran -lm -lquadmath -LC:/PROGRA~1/R/R-34~1.3/bin/x64 -lR
installing to C:/Users/User1/Desktop/nestedKriging/nestedKriging/nestedKriging.Rcheck/nestedKriging/libs/x64
** R
** demo
** preparing package for lazy loading
** help
*** installing help indices
** building package indices
** testing if installed package can be loaded
*** arch - i386
*** arch - x64
* DONE (nestedKriging)
In R CMD INSTALL
